mode: set
github.com/jeffbean/cardgame/deck/shoe.go:14.31,16.22 2 1
github.com/jeffbean/cardgame/deck/shoe.go:31.2,31.12 1 1
github.com/jeffbean/cardgame/deck/shoe.go:16.22,17.37 1 1
github.com/jeffbean/cardgame/deck/shoe.go:22.3,24.46 2 1
github.com/jeffbean/cardgame/deck/shoe.go:17.37,21.4 3 1
github.com/jeffbean/cardgame/deck/shoe.go:24.46,25.38 1 1
github.com/jeffbean/cardgame/deck/shoe.go:28.4,28.15 1 1
github.com/jeffbean/cardgame/deck/shoe.go:25.38,27.5 1 1
github.com/jeffbean/cardgame/deck/shoe.go:35.45,37.29 2 1
github.com/jeffbean/cardgame/deck/shoe.go:40.2,40.13 1 1
github.com/jeffbean/cardgame/deck/shoe.go:37.29,39.3 1 1
github.com/jeffbean/cardgame/deck/shoe.go:44.81,46.29 2 1
github.com/jeffbean/cardgame/deck/shoe.go:49.2,49.13 1 1
github.com/jeffbean/cardgame/deck/shoe.go:46.29,48.3 1 1
github.com/jeffbean/cardgame/deck/shoe.go:53.38,55.2 1 1
github.com/jeffbean/cardgame/deck/shoe.go:57.31,60.2 2 1
github.com/jeffbean/cardgame/deck/shoe.go:63.28,66.2 2 1
github.com/jeffbean/cardgame/deck/shoe.go:69.40,71.28 2 1
github.com/jeffbean/cardgame/deck/shoe.go:74.2,74.13 1 1
github.com/jeffbean/cardgame/deck/shoe.go:71.28,73.3 1 1
github.com/jeffbean/cardgame/deck/shoe.go:78.36,80.2 1 1
github.com/jeffbean/cardgame/deck/shuffle.go:9.48,10.34 1 1
github.com/jeffbean/cardgame/deck/shuffle.go:10.34,12.3 1 1
github.com/jeffbean/cardgame/deck/shuffle.go:17.29,20.25 3 1
github.com/jeffbean/cardgame/deck/shuffle.go:20.25,23.3 2 1
github.com/jeffbean/cardgame/deck/card.go:11.31,13.16 2 1
github.com/jeffbean/cardgame/deck/card.go:41.2,42.16 2 1
github.com/jeffbean/cardgame/deck/card.go:52.2,52.40 1 1
github.com/jeffbean/cardgame/deck/card.go:14.2,15.13 1 1
github.com/jeffbean/cardgame/deck/card.go:16.2,17.13 1 1
github.com/jeffbean/cardgame/deck/card.go:18.2,19.13 1 1
github.com/jeffbean/cardgame/deck/card.go:20.2,21.13 1 1
github.com/jeffbean/cardgame/deck/card.go:22.2,23.13 1 1
github.com/jeffbean/cardgame/deck/card.go:24.2,25.13 1 1
github.com/jeffbean/cardgame/deck/card.go:26.2,27.13 1 1
github.com/jeffbean/cardgame/deck/card.go:28.2,29.13 1 1
github.com/jeffbean/cardgame/deck/card.go:30.2,31.13 1 1
github.com/jeffbean/cardgame/deck/card.go:32.2,33.13 1 1
github.com/jeffbean/cardgame/deck/card.go:34.2,35.13 1 1
github.com/jeffbean/cardgame/deck/card.go:36.2,37.13 1 1
github.com/jeffbean/cardgame/deck/card.go:38.2,39.13 1 1
github.com/jeffbean/cardgame/deck/card.go:43.2,44.15 1 1
github.com/jeffbean/cardgame/deck/card.go:45.2,46.15 1 1
github.com/jeffbean/cardgame/deck/card.go:47.2,48.15 1 1
github.com/jeffbean/cardgame/deck/card.go:49.2,50.15 1 1
github.com/jeffbean/cardgame/deck/card.go:56.38,58.2 1 1
github.com/jeffbean/cardgame/deck/card.go:61.36,62.21 1 1
github.com/jeffbean/cardgame/deck/card.go:66.2,66.21 1 1
github.com/jeffbean/cardgame/deck/card.go:70.2,70.21 1 1
github.com/jeffbean/cardgame/deck/card.go:74.2,74.21 1 1
github.com/jeffbean/cardgame/deck/card.go:78.2,78.10 1 1
github.com/jeffbean/cardgame/deck/card.go:62.21,64.3 1 1
github.com/jeffbean/cardgame/deck/card.go:66.21,68.3 1 1
github.com/jeffbean/cardgame/deck/card.go:70.21,72.3 1 1
github.com/jeffbean/cardgame/deck/card.go:74.21,76.3 1 1
github.com/jeffbean/cardgame/deck/card.go:82.40,84.2 1 1
github.com/jeffbean/cardgame/deck/card.go:87.43,89.2 1 1
github.com/jeffbean/cardgame/deck/card.go:92.39,94.2 1 1
github.com/jeffbean/cardgame/deck/deck.go:10.31,12.31 2 1
github.com/jeffbean/cardgame/deck/deck.go:15.2,15.12 1 1
github.com/jeffbean/cardgame/deck/deck.go:12.31,14.3 1 1
github.com/jeffbean/cardgame/deck/deck.go:19.34,22.2 2 1
github.com/jeffbean/cardgame/deck/deck.go:27.70,29.34 2 1
github.com/jeffbean/cardgame/deck/deck.go:35.2,36.14 2 1
github.com/jeffbean/cardgame/deck/deck.go:39.2,39.13 1 1
github.com/jeffbean/cardgame/deck/deck.go:29.34,30.35 1 1
github.com/jeffbean/cardgame/deck/deck.go:30.35,33.4 2 1
github.com/jeffbean/cardgame/deck/deck.go:36.14,38.3 1 1
github.com/jeffbean/cardgame/deck/deck.go:43.26,46.2 2 1
github.com/jeffbean/cardgame/deck/deck.go:49.36,51.2 1 1
github.com/jeffbean/cardgame/deck/deck.go:54.41,56.2 1 1
github.com/jeffbean/cardgame/deck/deck.go:62.38,64.31 2 1
github.com/jeffbean/cardgame/deck/deck.go:67.2,67.12 1 1
github.com/jeffbean/cardgame/deck/deck.go:64.31,66.3 1 1
github.com/jeffbean/cardgame/deck/deck.go:71.28,75.2 3 1
github.com/jeffbean/cardgame/deck/deck.go:78.40,83.2 3 1
github.com/jeffbean/cardgame/deck/hand.go:11.37,15.2 3 1
github.com/jeffbean/cardgame/deck/hand.go:18.36,20.2 1 1
github.com/jeffbean/cardgame/deck/hand.go:23.32,25.31 2 1
github.com/jeffbean/cardgame/deck/hand.go:28.2,28.39 1 1
github.com/jeffbean/cardgame/deck/hand.go:25.31,27.3 1 1
